<?xml version="1.0" encoding="UTF-8"?>
<!-- Generated by org.testng.reporters.JUnitXMLReporter -->
<testsuite ignored="0" hostname="DESKTOP-F074HFR" failures="0" tests="4" name="Default test" time="0.321" errors="0" timestamp="2022-02-27T00:58:13 IST">
  <testcase classname="test1.tesng1.dataporvide_data" name="f" time="0.03"/>
  <testcase classname="test1.tesng1.dataporvide_data" name="f" time="0.009"/>
  <testcase classname="test1.tesng1.dataporvide_data" name="f2" time="0.011"/>
  <testcase classname="test1.tesng1.dataporvide_data" name="f2" time="0.003"/>
</testsuite> <!-- Default test -->
