<?xml version="1.0" encoding="UTF-8"?>
<testng-results ignored="0" total="2" passed="2" failed="0" skipped="0">
  <reporter-output>
  </reporter-output>
  <suite started-at="2022-02-27T21:49:35 IST" name="test" finished-at="2022-02-27T21:49:55 IST" duration-ms="19460">
    <groups>
    </groups>
    <test started-at="2022-02-27T21:49:35 IST" name="Test" finished-at="2022-02-27T21:49:55 IST" duration-ms="19460">
      <class name="test1.tesng1.myntra">
        <test-method is-config="true" signature="beforeMethod(java.lang.String)[pri:0, instance:test1.tesng1.myntra@dd8ba08]" started-at="2022-02-27T21:48:53 IST" name="beforeMethod" finished-at="2022-02-27T21:49:35 IST" duration-ms="42702" status="PASS">
          <params>
            <param index="0">
              <value>
                <![CDATA[edge]]>
              </value>
            </param>
          </params>
          <reporter-output>
          </reporter-output>
        </test-method> <!-- beforeMethod -->
        <test-method signature="addtocart()[pri:0, instance:test1.tesng1.myntra@dd8ba08]" started-at="2022-02-27T21:49:36 IST" name="addtocart" finished-at="2022-02-27T21:49:53 IST" duration-ms="17045" status="PASS">
          <reporter-output>
          </reporter-output>
        </test-method> <!-- addtocart -->
        <test-method signature="addtocart2()[pri:0, instance:test1.tesng1.myntra@dd8ba08]" started-at="2022-02-27T21:49:53 IST" name="addtocart2" finished-at="2022-02-27T21:49:55 IST" duration-ms="2152" status="PASS">
          <reporter-output>
          </reporter-output>
        </test-method> <!-- addtocart2 -->
        <test-method is-config="true" signature="afterMethod()[pri:0, instance:test1.tesng1.myntra@dd8ba08]" started-at="2022-02-27T21:49:55 IST" name="afterMethod" finished-at="2022-02-27T21:49:55 IST" duration-ms="1" status="PASS">
          <reporter-output>
          </reporter-output>
        </test-method> <!-- afterMethod -->
      </class> <!-- test1.tesng1.myntra -->
    </test> <!-- Test -->
  </suite> <!-- test -->
</testng-results>
